<?xml version="1.0" encoding="utf-8"?><testsuites name="pytest tests"><testsuite name="pytest" errors="0" failures="0" skipped="0" tests="30" time="10.356" timestamp="2026-06-24T16:28:04.055268+00:00" hostname="agent-env-cd270d93-24c6-407f-a3e6-56ed5d24683a"><testcase classname="backend.tests.test_iter19_candle_context_timeout" name="test_asyncio_is_imported" time="0.024" /><testcase classname="backend.tests.test_iter19_candle_context_timeout" name="test_candle_context_wrapped_in_wait_for" time="0.030" /><testcase classname="backend.tests.test_iter19_candle_context_timeout" name="test_candle_context_catches_timeout_and_exception" time="0.030" /><testcase classname="backend.tests.test_iter19_candle_context_timeout" name="test_candle_context_logger_warning_on_timeout" time="0.037" /><testcase classname="backend.tests.test_iter19_candle_context_timeout_functional" name="test_dry_run_limit_preset_under_timeout_cap[breakout_chaser_lmt]" time="0.439" /><testcase classname="backend.tests.test_iter19_candle_context_timeout_functional" name="test_dry_run_limit_preset_under_timeout_cap[steady_lmt]" time="0.109" /><testcase classname="backend.tests.test_mcx_commodity_fix.TestStaticCodeFix" name="test_segment_for_helper_exists" time="0.001" /><testcase classname="backend.tests.test_mcx_commodity_fix.TestStaticCodeFix" name="test_segment_for_unit_logic" time="0.643" /><testcase classname="backend.tests.test_mcx_commodity_fix.TestStaticCodeFix" name="test_protective_orders_uses_segment_for" time="0.000" /><testcase classname="backend.tests.test_mcx_commodity_fix.TestStaticCodeFix" name="test_dry_preview_order_payload_uses_segment_for" time="0.000" /><testcase classname="backend.tests.test_mcx_commodity_fix.TestStaticCodeFix" name="test_market_ltp_unavailable_defaults_to_one_lot" time="0.000" /><testcase classname="backend.tests.test_mcx_commodity_fix.TestStaticCodeFix" name="test_limit_ltp_unavailable_still_fails" time="0.000" /><testcase classname="backend.tests.test_mcx_commodity_fix.TestStaticCodeFix" name="test_no_stray_segment_fno_in_order_placement" time="0.000" /><testcase classname="backend.tests.test_mcx_commodity_fix.TestPlacePresetDemoRegression" name="test_demo_nifty_market_dry_run" time="0.173" /><testcase classname="backend.tests.test_mcx_commodity_fix.TestPlacePresetDemoRegression" name="test_demo_nifty_limit_dry_run" time="0.054" /><testcase classname="backend.tests.test_mcx_commodity_fix.TestPlacePresetDemoRegression" name="test_demo_mcx_goldm_market_dry_run_does_not_500" time="0.048" /><testcase classname="backend.tests.test_mcx_commodity_fix.TestPlacePresetDemoRegression" name="test_demo_mcx_goldm_limit_dry_run_does_not_500" time="0.049" /><testcase classname="backend.tests.test_mcx_commodity_fix.TestPlacePresetRealPathErrors" name="test_mcx_market_dry_run_fake_token_clean_json" time="5.035" /><testcase classname="backend.tests.test_mcx_commodity_fix.TestPlacePresetRealPathErrors" name="test_nse_nifty_market_dry_run_fake_token_clean_json" time="2.857" /><testcase classname="backend.tests.test_iter17_mcx_exit_fix.TestStaticIter17Fixes" name="test_fetch_candles_uses_segment_for" time="0.001" /><testcase classname="backend.tests.test_iter17_mcx_exit_fix.TestStaticIter17Fixes" name="test_orders_exit_iterates_both_segments" time="0.000" /><testcase classname="backend.tests.test_iter17_mcx_exit_fix.TestStaticIter17Fixes" name="test_orders_exit_place_order_uses_segment_for" time="0.000" /><testcase classname="backend.tests.test_iter17_mcx_exit_fix.TestStaticIter17Fixes" name="test_no_segment_fno_in_candle_or_order_paths" time="0.000" /><testcase classname="backend.tests.test_iter17_mcx_exit_fix.TestDemoExitRegression" name="test_exit_percent_100_demo_no_500" time="0.296" /><testcase classname="backend.tests.test_iter17_mcx_exit_fix.TestDemoExitRegression" name="test_exit_invalid_percent_returns_400" time="0.110" /><testcase classname="backend.tests.test_iter17_mcx_exit_fix.TestDemoPlacePresetNiftyRegression" name="test_nifty_breakout_call_mkt_dry_run" time="0.242" /><testcase classname="backend.tests.test_iter18_segment_for_ltp" name="test_fetch_option_ltp_uses_segment_for" time="0.031" /><testcase classname="backend.tests.test_iter18_segment_for_ltp" name="test_fetch_option_ltp_no_hardcoded_fno_literal" time="0.029" /><testcase classname="backend.tests.test_iter18_segment_for_ltp" name="test_fetch_option_ltp_passes_segment_to_get_ltp_and_get_quote" time="0.029" /><testcase classname="backend.tests.test_iter18_segment_for_ltp" name="test_segment_for_returns_commodity_for_mcx" time="0.001" /></testsuite></testsuites>