<?xml version="1.0" encoding="utf-8"?><testsuites name="pytest tests"><testsuite name="pytest" errors="0" failures="1" skipped="0" tests="9" time="3.731" timestamp="2026-06-24T17:37:44.740274+00:00" hostname="agent-env-cd270d93-24c6-407f-a3e6-56ed5d24683a"><testcase classname="backend.tests.test_iter22_perf_caching.TestUnderlyings" name="test_underlyings_demo_nif_search_fast_and_correct" time="0.004" /><testcase classname="backend.tests.test_iter22_perf_caching.TestUnderlyings" name="test_underlyings_demo_sensex_exchange_bse" time="0.002" /><testcase classname="backend.tests.test_iter22_perf_caching.TestExpiries" name="test_expiries_demo_nifty_sorted_future" time="0.002" /><testcase classname="backend.tests.test_iter22_perf_caching.TestAccountOrders" name="test_orders_demo_200_with_orders_array" time="0.005" /><testcase classname="backend.tests.test_iter22_perf_caching.TestPlacePreset" name="test_steady_mkt_dry_run_demo" time="0.003" /><testcase classname="backend.tests.test_iter22_perf_caching.TestOptionChainBurst" name="test_burst_5_concurrent_demo" time="3.454"><failure message="AssertionError: got 5xx in burst: statuses=[502, 502, 502, 502, 502], sample_body={&quot;detail&quot;:&quot;Authentication failed. Your API token has either expired or is invalid.&quot;}&#10;assert not [502, 502, 502, 502, 502]">backend/tests/test_iter22_perf_caching.py:152: in test_burst_5_concurrent_demo
    assert not five_xx, (
E   AssertionError: got 5xx in burst: statuses=[502, 502, 502, 502, 502], sample_body={"detail":"Authentication failed. Your API token has either expired or is invalid."}
E   assert not [502, 502, 502, 502, 502]</failure></testcase><testcase classname="backend.tests.test_iter22_perf_caching.TestRegression" name="test_server_ip_returns_json_object" time="0.128" /><testcase classname="backend.tests.test_iter22_perf_caching.TestRegression" name="test_margin_demo_fields" time="0.004" /><testcase classname="backend.tests.test_iter22_perf_caching.TestRegression" name="test_positions_demo_200" time="0.002" /></testsuite></testsuites>