<?xml version="1.0" encoding="utf-8"?><testsuites name="pytest tests"><testsuite name="pytest" errors="0" failures="1" skipped="0" tests="20" time="8.753" timestamp="2026-06-24T16:11:06.534409+00:00" hostname="agent-env-cd270d93-24c6-407f-a3e6-56ed5d24683a"><testcase classname="backend.tests.test_mcx_commodity_fix.TestStaticCodeFix" name="test_segment_for_helper_exists" time="0.001" /><testcase classname="backend.tests.test_mcx_commodity_fix.TestStaticCodeFix" name="test_segment_for_unit_logic" time="0.621" /><testcase classname="backend.tests.test_mcx_commodity_fix.TestStaticCodeFix" name="test_protective_orders_uses_segment_for" time="0.000" /><testcase classname="backend.tests.test_mcx_commodity_fix.TestStaticCodeFix" name="test_dry_preview_order_payload_uses_segment_for" time="0.000" /><testcase classname="backend.tests.test_mcx_commodity_fix.TestStaticCodeFix" name="test_market_ltp_unavailable_defaults_to_one_lot" time="0.000" /><testcase classname="backend.tests.test_mcx_commodity_fix.TestStaticCodeFix" name="test_limit_ltp_unavailable_still_fails" time="0.000" /><testcase classname="backend.tests.test_mcx_commodity_fix.TestStaticCodeFix" name="test_no_stray_segment_fno_in_order_placement" time="0.000" /><testcase classname="backend.tests.test_mcx_commodity_fix.TestPlacePresetDemoRegression" name="test_demo_nifty_market_dry_run" time="0.314" /><testcase classname="backend.tests.test_mcx_commodity_fix.TestPlacePresetDemoRegression" name="test_demo_nifty_limit_dry_run" time="0.046"><failure message="AssertionError: assert 0 &gt;= 1&#10; +  where 0 = &lt;built-in method get of dict object at 0xfd8d2a74c740&gt;('lots', 0)&#10; +    where &lt;built-in method get of dict object at 0xfd8d2a74c740&gt; = {'dry_run': True, 'preset': {'key': 'breakout_chaser_lmt', 'label': 'BUY BREAKOUT CHASER CALL LMT', 'strike_selection': 'HIGH_GAMMA', 'iv_filter': 'LOW_IV', ...}, 'selected': {'trading_symbol': 'NIFTY24700CE', 'strike': 24700, 'ltp': 195.01}, 'quantity': 0, ...}.get">backend/tests/test_mcx_commodity_fix.py:183: in test_demo_nifty_limit_dry_run
    assert data.get("lots", 0) &gt;= 1
E   AssertionError: assert 0 &gt;= 1
E    +  where 0 = &lt;built-in method get of dict object at 0xfd8d2a74c740&gt;('lots', 0)
E    +    where &lt;built-in method get of dict object at 0xfd8d2a74c740&gt; = {'dry_run': True, 'preset': {'key': 'breakout_chaser_lmt', 'label': 'BUY BREAKOUT CHASER CALL LMT', 'strike_selection': 'HIGH_GAMMA', 'iv_filter': 'LOW_IV', ...}, 'selected': {'trading_symbol': 'NIFTY24700CE', 'strike': 24700, 'ltp': 195.01}, 'quantity': 0, ...}.get</failure></testcase><testcase classname="backend.tests.test_mcx_commodity_fix.TestPlacePresetDemoRegression" name="test_demo_mcx_goldm_market_dry_run_does_not_500" time="0.049" /><testcase classname="backend.tests.test_mcx_commodity_fix.TestPlacePresetDemoRegression" name="test_demo_mcx_goldm_limit_dry_run_does_not_500" time="0.057" /><testcase classname="backend.tests.test_mcx_commodity_fix.TestPlacePresetRealPathErrors" name="test_mcx_market_dry_run_fake_token_clean_json" time="4.586" /><testcase classname="backend.tests.test_mcx_commodity_fix.TestPlacePresetRealPathErrors" name="test_nse_nifty_market_dry_run_fake_token_clean_json" time="2.324" /><testcase classname="backend.tests.test_iter17_mcx_exit_fix.TestStaticIter17Fixes" name="test_fetch_candles_uses_segment_for" time="0.001" /><testcase classname="backend.tests.test_iter17_mcx_exit_fix.TestStaticIter17Fixes" name="test_orders_exit_iterates_both_segments" time="0.000" /><testcase classname="backend.tests.test_iter17_mcx_exit_fix.TestStaticIter17Fixes" name="test_orders_exit_place_order_uses_segment_for" time="0.000" /><testcase classname="backend.tests.test_iter17_mcx_exit_fix.TestStaticIter17Fixes" name="test_no_segment_fno_in_candle_or_order_paths" time="0.000" /><testcase classname="backend.tests.test_iter17_mcx_exit_fix.TestDemoExitRegression" name="test_exit_percent_100_demo_no_500" time="0.284" /><testcase classname="backend.tests.test_iter17_mcx_exit_fix.TestDemoExitRegression" name="test_exit_invalid_percent_returns_400" time="0.112" /><testcase classname="backend.tests.test_iter17_mcx_exit_fix.TestDemoPlacePresetNiftyRegression" name="test_nifty_breakout_call_mkt_dry_run" time="0.250" /></testsuite></testsuites>