<?xml version="1.0" encoding="utf-8"?><testsuites name="pytest tests"><testsuite name="pytest" errors="0" failures="0" skipped="0" tests="11" time="1.574" timestamp="2026-06-24T17:41:44.330643+00:00" hostname="agent-env-cd270d93-24c6-407f-a3e6-56ed5d24683a"><testcase classname="backend.tests.test_iter23_option_chain_demo.TestUnderlyings" name="test_underlyings_demo_nif_search_fast_and_correct" time="0.004" /><testcase classname="backend.tests.test_iter23_option_chain_demo.TestUnderlyings" name="test_underlyings_demo_sensex_exchange_bse" time="0.002" /><testcase classname="backend.tests.test_iter23_option_chain_demo.TestExpiries" name="test_expiries_demo_nifty_sorted_future" time="0.002" /><testcase classname="backend.tests.test_iter23_option_chain_demo.TestAccountOrders" name="test_orders_demo_200_with_orders_array" time="0.005" /><testcase classname="backend.tests.test_iter23_option_chain_demo.TestPlacePreset" name="test_steady_mkt_dry_run_demo" time="0.003" /><testcase classname="backend.tests.test_iter23_option_chain_demo.TestOptionChainDemoContent" name="test_option_chain_demo_nifty_returns_synthetic_chain" time="0.002" /><testcase classname="backend.tests.test_iter23_option_chain_demo.TestOptionChainDemoContent" name="test_option_chain_demo_banknifty_atm_51100" time="0.002" /><testcase classname="backend.tests.test_iter23_option_chain_demo.TestOptionChainBurst" name="test_burst_5_concurrent_demo" time="0.047" /><testcase classname="backend.tests.test_iter23_option_chain_demo.TestRegression" name="test_server_ip_returns_json_object" time="0.131" /><testcase classname="backend.tests.test_iter23_option_chain_demo.TestRegression" name="test_margin_demo_fields" time="1.262" /><testcase classname="backend.tests.test_iter23_option_chain_demo.TestRegression" name="test_positions_demo_200" time="0.002" /></testsuite></testsuites>