<?xml version="1.0" encoding="utf-8"?><testsuites name="pytest tests"><testsuite name="pytest" errors="0" failures="0" skipped="0" tests="13" time="8.179" timestamp="2026-06-24T15:54:13.208405+00:00" hostname="agent-env-cd270d93-24c6-407f-a3e6-56ed5d24683a"><testcase classname="backend.tests.test_mcx_commodity_fix.TestStaticCodeFix" name="test_segment_for_helper_exists" time="0.001" /><testcase classname="backend.tests.test_mcx_commodity_fix.TestStaticCodeFix" name="test_segment_for_unit_logic" time="0.663" /><testcase classname="backend.tests.test_mcx_commodity_fix.TestStaticCodeFix" name="test_protective_orders_uses_segment_for" time="0.000" /><testcase classname="backend.tests.test_mcx_commodity_fix.TestStaticCodeFix" name="test_dry_preview_order_payload_uses_segment_for" time="0.000" /><testcase classname="backend.tests.test_mcx_commodity_fix.TestStaticCodeFix" name="test_market_ltp_unavailable_defaults_to_one_lot" time="0.000" /><testcase classname="backend.tests.test_mcx_commodity_fix.TestStaticCodeFix" name="test_limit_ltp_unavailable_still_fails" time="0.000" /><testcase classname="backend.tests.test_mcx_commodity_fix.TestStaticCodeFix" name="test_no_stray_segment_fno_in_order_placement" time="0.000" /><testcase classname="backend.tests.test_mcx_commodity_fix.TestPlacePresetDemoRegression" name="test_demo_nifty_market_dry_run" time="0.281" /><testcase classname="backend.tests.test_mcx_commodity_fix.TestPlacePresetDemoRegression" name="test_demo_nifty_limit_dry_run" time="0.045" /><testcase classname="backend.tests.test_mcx_commodity_fix.TestPlacePresetDemoRegression" name="test_demo_mcx_goldm_market_dry_run_does_not_500" time="0.045" /><testcase classname="backend.tests.test_mcx_commodity_fix.TestPlacePresetDemoRegression" name="test_demo_mcx_goldm_limit_dry_run_does_not_500" time="0.047" /><testcase classname="backend.tests.test_mcx_commodity_fix.TestPlacePresetRealPathErrors" name="test_mcx_market_dry_run_fake_token_clean_json" time="4.669" /><testcase classname="backend.tests.test_mcx_commodity_fix.TestPlacePresetRealPathErrors" name="test_nse_nifty_market_dry_run_fake_token_clean_json" time="2.343" /></testsuite></testsuites>