<?xml version="1.0" encoding="utf-8"?><testsuites name="pytest tests"><testsuite name="pytest" errors="0" failures="0" skipped="0" tests="26" time="1.400" timestamp="2026-06-24T18:21:36.600196+00:00" hostname="agent-env-cd270d93-24c6-407f-a3e6-56ed5d24683a"><testcase classname="tests.test_iter24_response_cache.TestMarginBurstCoalescing" name="test_eight_concurrent_margin_requests_all_200" time="0.055" /><testcase classname="tests.test_iter24_response_cache.TestMarginBurstCoalescing" name="test_burst_bodies_consistent" time="0.037" /><testcase classname="tests.test_iter24_response_cache.TestCachedResponseHelper" name="test_single_flight_under_five_concurrent_callers" time="0.830" /><testcase classname="tests.test_iter24_response_cache.TestCachedResponseHelper" name="test_ttl_expiry_triggers_new_producer_call" time="0.151" /><testcase classname="tests.test_iter24_response_cache.TestCachedResponseHelper" name="test_invalidate_drops_keyed_entries" time="0.000" /><testcase classname="tests.test_iter24_response_cache.TestCachedResponseHelper" name="test_invalidate_missing_key_is_noop" time="0.000" /><testcase classname="tests.test_iter24_response_cache.TestRefreshCapitalDemo" name="test_refresh_capital_demo_returns_ok" time="0.003" /><testcase classname="tests.test_iter24_response_cache.TestEndpointSmoke" name="test_margin" time="0.003" /><testcase classname="tests.test_iter24_response_cache.TestEndpointSmoke" name="test_positions" time="0.002" /><testcase classname="tests.test_iter24_response_cache.TestEndpointSmoke" name="test_smart_orders" time="0.002" /><testcase classname="tests.test_iter24_response_cache.TestEndpointSmoke" name="test_orders" time="0.004" /><testcase classname="tests.test_iter24_response_cache.TestEndpointSmoke" name="test_option_chain" time="0.002" /><testcase classname="tests.test_iter24_response_cache.TestEndpointSmoke" name="test_expiries" time="0.001" /><testcase classname="tests.test_iter24_response_cache.TestEndpointSmoke" name="test_underlyings" time="0.002" /><testcase classname="tests.test_iter24_response_cache.TestEndpointSmoke" name="test_place_preset_dry_run" time="0.003" /><testcase classname="tests.test_iter23_option_chain_demo.TestUnderlyings" name="test_underlyings_demo_nif_search_fast_and_correct" time="0.001" /><testcase classname="tests.test_iter23_option_chain_demo.TestUnderlyings" name="test_underlyings_demo_sensex_exchange_bse" time="0.001" /><testcase classname="tests.test_iter23_option_chain_demo.TestExpiries" name="test_expiries_demo_nifty_sorted_future" time="0.001" /><testcase classname="tests.test_iter23_option_chain_demo.TestAccountOrders" name="test_orders_demo_200_with_orders_array" time="0.004" /><testcase classname="tests.test_iter23_option_chain_demo.TestPlacePreset" name="test_steady_mkt_dry_run_demo" time="0.002" /><testcase classname="tests.test_iter23_option_chain_demo.TestOptionChainDemoContent" name="test_option_chain_demo_nifty_returns_synthetic_chain" time="0.002" /><testcase classname="tests.test_iter23_option_chain_demo.TestOptionChainDemoContent" name="test_option_chain_demo_banknifty_atm_51100" time="0.002" /><testcase classname="tests.test_iter23_option_chain_demo.TestOptionChainBurst" name="test_burst_5_concurrent_demo" time="0.033" /><testcase classname="tests.test_iter23_option_chain_demo.TestRegression" name="test_server_ip_returns_json_object" time="0.135" /><testcase classname="tests.test_iter23_option_chain_demo.TestRegression" name="test_margin_demo_fields" time="0.003" /><testcase classname="tests.test_iter23_option_chain_demo.TestRegression" name="test_positions_demo_200" time="0.002" /></testsuite></testsuites>