<?xml version="1.0" encoding="utf-8"?><testsuites name="pytest tests"><testsuite name="pytest" errors="0" failures="0" skipped="0" tests="27" time="9.580" timestamp="2026-06-21T06:27:12.883167+00:00" hostname="agent-env-cd270d93-24c6-407f-a3e6-56ed5d24683a"><testcase classname="backend.tests.test_backend.TestHealth" name="test_health" time="0.240" /><testcase classname="backend.tests.test_backend.TestPresets" name="test_list_presets" time="0.047" /><testcase classname="backend.tests.test_backend.TestPresets" name="test_get_single_preset" time="0.168" /><testcase classname="backend.tests.test_backend.TestPresets" name="test_get_unknown_preset_404" time="0.042" /><testcase classname="backend.tests.test_backend.TestPresets" name="test_update_preset_persists" time="0.209" /><testcase classname="backend.tests.test_backend.TestSettings" name="test_get_settings_defaults" time="0.083" /><testcase classname="backend.tests.test_backend.TestSettings" name="test_update_settings_persists" time="0.248" /><testcase classname="backend.tests.test_backend.TestFx" name="test_inr_to_usd" time="0.183" /><testcase classname="backend.tests.test_backend.TestAuth" name="test_login_with_garbage_returns_401" time="0.463" /><testcase classname="backend.tests.test_backend.TestAuth" name="test_login_with_invalid_secret_format" time="0.412" /><testcase classname="backend.tests.test_backend.TestAuthRequired" name="test_get_requires_token[/api/auth/verify]" time="0.041" /><testcase classname="backend.tests.test_backend.TestAuthRequired" name="test_get_requires_token[/api/account/margin]" time="0.041" /><testcase classname="backend.tests.test_backend.TestAuthRequired" name="test_get_requires_token[/api/account/positions]" time="0.040" /><testcase classname="backend.tests.test_backend.TestAuthRequired" name="test_get_requires_token[/api/account/orders]" time="0.081" /><testcase classname="backend.tests.test_backend.TestAuthRequired" name="test_get_requires_token[/api/instruments/underlyings]" time="0.081" /><testcase classname="backend.tests.test_backend.TestAuthRequired" name="test_get_requires_token[/api/instruments/expiries?underlying=NIFTY]" time="0.042" /><testcase classname="backend.tests.test_backend.TestAuthRequired" name="test_get_requires_token[/api/instruments/option-chain?underlying=NIFTY&amp;expiry=2026-01-30]" time="0.041" /><testcase classname="backend.tests.test_backend.TestAuthRequired" name="test_place_preset_requires_token" time="0.042" /><testcase classname="backend.tests.test_backend.TestAuthRequired" name="test_exit_requires_token" time="0.041" /><testcase classname="backend.tests.test_backend.TestFakeToken" name="test_fake_token_clean_error[/api/auth/verify]" time="0.737" /><testcase classname="backend.tests.test_backend.TestFakeToken" name="test_fake_token_clean_error[/api/account/margin]" time="0.816" /><testcase classname="backend.tests.test_backend.TestFakeToken" name="test_fake_token_clean_error[/api/account/positions]" time="0.771" /><testcase classname="backend.tests.test_backend.TestFakeToken" name="test_fake_token_clean_error[/api/account/orders]" time="0.774" /><testcase classname="backend.tests.test_backend.TestFakeToken" name="test_fake_token_clean_error[/api/instruments/expiries?underlying=NIFTY]" time="0.780" /><testcase classname="backend.tests.test_backend.TestFakeToken" name="test_fake_token_clean_error[/api/instruments/option-chain?underlying=NIFTY&amp;expiry=2026-01-30]" time="0.773" /><testcase classname="backend.tests.test_backend.TestFakeToken" name="test_underlyings_fake_token_returns_indices" time="1.555" /><testcase classname="backend.tests.test_backend.TestFakeToken" name="test_place_preset_fake_token_clean_error" time="0.734" /></testsuite></testsuites>