<?xml version="1.0" encoding="utf-8"?><testsuites name="pytest tests"><testsuite name="pytest" errors="0" failures="5" skipped="0" tests="46" time="14.226" timestamp="2026-06-24T12:38:54.067145+00:00" hostname="agent-env-cd270d93-24c6-407f-a3e6-56ed5d24683a"><testcase classname="backend.tests.test_backend.TestHealth" name="test_health" time="0.141" /><testcase classname="backend.tests.test_backend.TestPresets" name="test_list_presets" time="0.047" /><testcase classname="backend.tests.test_backend.TestPresets" name="test_get_single_preset" time="0.227" /><testcase classname="backend.tests.test_backend.TestPresets" name="test_get_unknown_preset_404" time="0.052" /><testcase classname="backend.tests.test_backend.TestPresets" name="test_update_preset_persists" time="0.214" /><testcase classname="backend.tests.test_backend.TestSettings" name="test_get_settings_defaults" time="0.056"><failure message="AssertionError: assert False is True&#10; +  where False = &lt;built-in method get of dict object at 0xfb08a1a15200&gt;('confirm_before_order')&#10; +    where &lt;built-in method get of dict object at 0xfb08a1a15200&gt; = {'confirm_before_order': False, 'ask_max_loss_at_startup': False, 'convert_to_usd': False, 'save_last_underlying': False, ...}.get">backend/tests/test_backend.py:84: in test_get_settings_defaults
    assert body.get("confirm_before_order") is True
E   AssertionError: assert False is True
E    +  where False = &lt;built-in method get of dict object at 0xfb08a1a15200&gt;('confirm_before_order')
E    +    where &lt;built-in method get of dict object at 0xfb08a1a15200&gt; = {'confirm_before_order': False, 'ask_max_loss_at_startup': False, 'convert_to_usd': False, 'save_last_underlying': False, ...}.get</failure></testcase><testcase classname="backend.tests.test_backend.TestSettings" name="test_update_settings_persists" time="0.255" /><testcase classname="backend.tests.test_backend.TestFx" name="test_inr_to_usd" time="0.162" /><testcase classname="backend.tests.test_backend.TestAuth" name="test_login_with_garbage_returns_401" time="0.445" /><testcase classname="backend.tests.test_backend.TestAuth" name="test_login_with_invalid_secret_format" time="0.420" /><testcase classname="backend.tests.test_backend.TestAuthRequired" name="test_get_requires_token[/api/auth/verify]" time="0.043" /><testcase classname="backend.tests.test_backend.TestAuthRequired" name="test_get_requires_token[/api/account/margin]" time="0.047" /><testcase classname="backend.tests.test_backend.TestAuthRequired" name="test_get_requires_token[/api/account/positions]" time="0.047" /><testcase classname="backend.tests.test_backend.TestAuthRequired" name="test_get_requires_token[/api/account/orders]" time="0.042" /><testcase classname="backend.tests.test_backend.TestAuthRequired" name="test_get_requires_token[/api/instruments/underlyings]" time="0.045" /><testcase classname="backend.tests.test_backend.TestAuthRequired" name="test_get_requires_token[/api/instruments/expiries?underlying=NIFTY]" time="0.082" /><testcase classname="backend.tests.test_backend.TestAuthRequired" name="test_get_requires_token[/api/instruments/option-chain?underlying=NIFTY&amp;expiry=2026-01-30]" time="0.043" /><testcase classname="backend.tests.test_backend.TestAuthRequired" name="test_place_preset_requires_token" time="0.044" /><testcase classname="backend.tests.test_backend.TestAuthRequired" name="test_exit_requires_token" time="0.042" /><testcase classname="backend.tests.test_backend.TestFakeToken" name="test_fake_token_clean_error[/api/auth/verify]" time="0.720" /><testcase classname="backend.tests.test_backend.TestFakeToken" name="test_fake_token_clean_error[/api/account/margin]" time="0.773" /><testcase classname="backend.tests.test_backend.TestFakeToken" name="test_fake_token_clean_error[/api/account/positions]" time="1.133"><failure message="AssertionError: /api/account/positions: 200 {&quot;positions&quot;:[]}&#10;assert 200 in (401, 502)&#10; +  where 200 = &lt;Response [200]&gt;.status_code">backend/tests/test_backend.py:189: in test_fake_token_clean_error
    assert r.status_code in (401, 502), f"{path}: {r.status_code} {r.text[:200]}"
E   AssertionError: /api/account/positions: 200 {"positions":[]}
E   assert 200 in (401, 502)
E    +  where 200 = &lt;Response [200]&gt;.status_code</failure></testcase><testcase classname="backend.tests.test_backend.TestFakeToken" name="test_fake_token_clean_error[/api/account/orders]" time="1.497"><failure message="AssertionError: /api/account/orders: 200 {&quot;orders&quot;:[]}&#10;assert 200 in (401, 502)&#10; +  where 200 = &lt;Response [200]&gt;.status_code">backend/tests/test_backend.py:189: in test_fake_token_clean_error
    assert r.status_code in (401, 502), f"{path}: {r.status_code} {r.text[:200]}"
E   AssertionError: /api/account/orders: 200 {"orders":[]}
E   assert 200 in (401, 502)
E    +  where 200 = &lt;Response [200]&gt;.status_code</failure></testcase><testcase classname="backend.tests.test_backend.TestFakeToken" name="test_fake_token_clean_error[/api/instruments/expiries?underlying=NIFTY]" time="2.331"><failure message="AssertionError: /api/instruments/expiries?underlying=NIFTY: 200 {&quot;expiries&quot;:[&quot;2026-06-30&quot;,&quot;2026-07-07&quot;,&quot;2026-07-14&quot;,&quot;2026-07-21&quot;,&quot;2026-07-28&quot;,&quot;2026-08-04&quot;,&quot;2026-08-25&quot;,&quot;2026-09-29&quot;,&quot;2026-12-29&quot;,&quot;2027-03-30&quot;,&quot;2027-06-29&quot;,&quot;2027-12-28&quot;,&quot;2028-06-27&quot;,&quot;2028-12-26&quot;,&quot;2029&#10;assert 200 in (401, 502)&#10; +  where 200 = &lt;Response [200]&gt;.status_code">backend/tests/test_backend.py:189: in test_fake_token_clean_error
    assert r.status_code in (401, 502), f"{path}: {r.status_code} {r.text[:200]}"
E   AssertionError: /api/instruments/expiries?underlying=NIFTY: 200 {"expiries":["2026-06-30","2026-07-07","2026-07-14","2026-07-21","2026-07-28","2026-08-04","2026-08-25","2026-09-29","2026-12-29","2027-03-30","2027-06-29","2027-12-28","2028-06-27","2028-12-26","2029
E   assert 200 in (401, 502)
E    +  where 200 = &lt;Response [200]&gt;.status_code</failure></testcase><testcase classname="backend.tests.test_backend.TestFakeToken" name="test_fake_token_clean_error[/api/instruments/option-chain?underlying=NIFTY&amp;expiry=2026-01-30]" time="0.793" /><testcase classname="backend.tests.test_backend.TestFakeToken" name="test_underlyings_fake_token_returns_indices" time="0.090" /><testcase classname="backend.tests.test_backend.TestFakeToken" name="test_place_preset_fake_token_clean_error" time="3.078"><failure message="AssertionError: 200 {&quot;dry_run&quot;:true,&quot;preset&quot;:{&quot;key&quot;:&quot;steady_mkt&quot;,&quot;label&quot;:&quot;BUY STEADY CALL MKT&quot;,&quot;strike_selection&quot;:&quot;OTM1&quot;,&quot;iv_filter&quot;:&quot;ANY&quot;,&quot;position_sizing_pct&quot;:100.0,&quot;stop_loss_pct&quot;:4.0,&quot;take_profit_pct&quot;:10.0,&quot;order_typ&#10;assert 200 in (401, 502, 404)&#10; +  where 200 = &lt;Response [200]&gt;.status_code">backend/tests/test_backend.py:211: in test_place_preset_fake_token_clean_error
    assert r.status_code in (401, 502, 404), f"{r.status_code} {r.text[:200]}"
E   AssertionError: 200 {"dry_run":true,"preset":{"key":"steady_mkt","label":"BUY STEADY CALL MKT","strike_selection":"OTM1","iv_filter":"ANY","position_sizing_pct":100.0,"stop_loss_pct":4.0,"take_profit_pct":10.0,"order_typ
E   assert 200 in (401, 502, 404)
E    +  where 200 = &lt;Response [200]&gt;.status_code</failure></testcase><testcase classname="backend.tests.test_demo_expiries.TestNiftyExpiries" name="test_nifty_has_tuesday_weeklies" time="0.154" /><testcase classname="backend.tests.test_demo_expiries.TestNiftyExpiries" name="test_nifty_has_last_thursday_monthly" time="0.050" /><testcase classname="backend.tests.test_demo_expiries.TestNiftyExpiries" name="test_nifty_no_thursday_weeklies" time="0.061" /><testcase classname="backend.tests.test_demo_expiries.TestSensexExpiries" name="test_sensex_has_thursday_weeklies" time="0.049" /><testcase classname="backend.tests.test_demo_expiries.TestSensexExpiries" name="test_sensex_has_last_tuesday_monthly" time="0.049" /><testcase classname="backend.tests.test_demo_expiries.TestSensexExpiries" name="test_sensex_no_tuesday_weeklies" time="0.054" /><testcase classname="backend.tests.test_demo_expiries.TestBugFix_NiftyVsSensexDiffer" name="test_nifty_sensex_sets_not_equal" time="0.096" /><testcase classname="backend.tests.test_demo_expiries.TestBugFix_NiftyVsSensexDiffer" name="test_sensex_does_not_contain_nifty_weeklies" time="0.102" /><testcase classname="backend.tests.test_demo_expiries.TestMonthlyOnlyIndices" name="test_monthly_only_schedule[BANKNIFTY-NSE-3]" time="0.046" /><testcase classname="backend.tests.test_demo_expiries.TestMonthlyOnlyIndices" name="test_monthly_only_schedule[FINNIFTY-NSE-3]" time="0.047" /><testcase classname="backend.tests.test_demo_expiries.TestMonthlyOnlyIndices" name="test_monthly_only_schedule[MIDCPNIFTY-NSE-3]" time="0.052" /><testcase classname="backend.tests.test_demo_expiries.TestMonthlyOnlyIndices" name="test_monthly_only_schedule[BANKEX-BSE-1]" time="0.065" /><testcase classname="backend.tests.test_demo_expiries.TestStockMonthlyOnly" name="test_reliance_last_thursday_only" time="0.051" /><testcase classname="backend.tests.test_demo_expiries.TestMcxExpiries" name="test_mcx_calendar_day[GOLD-5]" time="0.048" /><testcase classname="backend.tests.test_demo_expiries.TestMcxExpiries" name="test_mcx_calendar_day[CRUDEOIL-18]" time="0.061" /><testcase classname="backend.tests.test_demo_expiries.TestMcxExpiries" name="test_mcx_calendar_day[NATURALGAS-25]" time="0.050" /><testcase classname="backend.tests.test_demo_expiries.TestMcxExpiries" name="test_mcx_distinct_from_nifty" time="0.097" /><testcase classname="backend.tests.test_demo_expiries.TestMissingUnderlyingRejected" name="test_missing_underlying_returns_422" time="0.048" /><testcase classname="backend.tests.test_demo_expiries.TestMissingUnderlyingRejected" name="test_blank_underlying_handled" time="0.047" /></testsuite></testsuites>